Analysis & Synthesis report for finalProject
Fri Oct 28 01:58:18 2022
Quartus Prime Version 18.0.0 Build 614 04/24/2018 SJ Lite Edition


---------------------
; Table of Contents ;
---------------------
  1. Legal Notice
  2. Analysis & Synthesis Summary
  3. Analysis & Synthesis Settings
  4. Parallel Compilation
  5. Analysis & Synthesis Source Files Read
  6. Analysis & Synthesis Resource Usage Summary
  7. Analysis & Synthesis Resource Utilization by Entity
  8. General Register Statistics
  9. Port Connectivity Checks: "processor:proc|datapath:DP"
 10. Port Connectivity Checks: "processor:proc"
 11. Post-Synthesis Netlist Statistics for Top Partition
 12. Elapsed Time Per Partition
 13. Analysis & Synthesis Messages



----------------
; Legal Notice ;
----------------
Copyright (C) 2018  Intel Corporation. All rights reserved.
Your use of Intel Corporation's design tools, logic functions 
and other software and tools, and its AMPP partner logic 
functions, and any output files from any of the foregoing 
(including device programming or simulation files), and any 
associated documentation or information are expressly subject 
to the terms and conditions of the Intel Program License 
Subscription Agreement, the Intel Quartus Prime License Agreement,
the Intel FPGA IP License Agreement, or other applicable license
agreement, including, without limitation, that your use is for
the sole purpose of programming logic devices manufactured by
Intel and sold by Intel or its authorized distributors.  Please
refer to the applicable agreement for further details.



+-------------------------------------------------------------------------------+
; Analysis & Synthesis Summary                                                  ;
+---------------------------------+---------------------------------------------+
; Analysis & Synthesis Status     ; Successful - Fri Oct 28 01:58:18 2022       ;
; Quartus Prime Version           ; 18.0.0 Build 614 04/24/2018 SJ Lite Edition ;
; Revision Name                   ; finalProject                                ;
; Top-level Entity Name           ; finalProject                                ;
; Family                          ; Cyclone V                                   ;
; Logic utilization (in ALMs)     ; N/A                                         ;
; Total registers                 ; 0                                           ;
; Total pins                      ; 32                                          ;
; Total virtual pins              ; 0                                           ;
; Total block memory bits         ; 0                                           ;
; Total DSP Blocks                ; 0                                           ;
; Total HSSI RX PCSs              ; 0                                           ;
; Total HSSI PMA RX Deserializers ; 0                                           ;
; Total HSSI TX PCSs              ; 0                                           ;
; Total HSSI PMA TX Serializers   ; 0                                           ;
; Total PLLs                      ; 0                                           ;
; Total DLLs                      ; 0                                           ;
+---------------------------------+---------------------------------------------+


+---------------------------------------------------------------------------------------------------------------------------+
; Analysis & Synthesis Settings                                                                                             ;
+---------------------------------------------------------------------------------+--------------------+--------------------+
; Option                                                                          ; Setting            ; Default Value      ;
+---------------------------------------------------------------------------------+--------------------+--------------------+
; Device                                                                          ; 5CSEMA5F31C6       ;                    ;
; Top-level entity name                                                           ; finalProject       ; finalProject       ;
; Family name                                                                     ; Cyclone V          ; Cyclone V          ;
; Use smart compilation                                                           ; Off                ; Off                ;
; Enable parallel Assembler and Timing Analyzer during compilation                ; On                 ; On                 ;
; Enable compact report table                                                     ; Off                ; Off                ;
; Restructure Multiplexers                                                        ; Auto               ; Auto               ;
; MLAB Add Timing Constraints For Mixed-Port Feed-Through Mode Setting Don't Care ; Off                ; Off                ;
; Create Debugging Nodes for IP Cores                                             ; Off                ; Off                ;
; Preserve fewer node names                                                       ; On                 ; On                 ;
; Intel FPGA IP Evaluation Mode                                                   ; Enable             ; Enable             ;
; Verilog Version                                                                 ; Verilog_2001       ; Verilog_2001       ;
; VHDL Version                                                                    ; VHDL_1993          ; VHDL_1993          ;
; State Machine Processing                                                        ; Auto               ; Auto               ;
; Safe State Machine                                                              ; Off                ; Off                ;
; Extract Verilog State Machines                                                  ; On                 ; On                 ;
; Extract VHDL State Machines                                                     ; On                 ; On                 ;
; Ignore Verilog initial constructs                                               ; Off                ; Off                ;
; Iteration limit for constant Verilog loops                                      ; 5000               ; 5000               ;
; Iteration limit for non-constant Verilog loops                                  ; 250                ; 250                ;
; Add Pass-Through Logic to Inferred RAMs                                         ; On                 ; On                 ;
; Infer RAMs from Raw Logic                                                       ; On                 ; On                 ;
; Parallel Synthesis                                                              ; On                 ; On                 ;
; DSP Block Balancing                                                             ; Auto               ; Auto               ;
; NOT Gate Push-Back                                                              ; On                 ; On                 ;
; Power-Up Don't Care                                                             ; On                 ; On                 ;
; Remove Redundant Logic Cells                                                    ; Off                ; Off                ;
; Remove Duplicate Registers                                                      ; On                 ; On                 ;
; Ignore CARRY Buffers                                                            ; Off                ; Off                ;
; Ignore CASCADE Buffers                                                          ; Off                ; Off                ;
; Ignore GLOBAL Buffers                                                           ; Off                ; Off                ;
; Ignore ROW GLOBAL Buffers                                                       ; Off                ; Off                ;
; Ignore LCELL Buffers                                                            ; Off                ; Off                ;
; Ignore SOFT Buffers                                                             ; On                 ; On                 ;
; Limit AHDL Integers to 32 Bits                                                  ; Off                ; Off                ;
; Optimization Technique                                                          ; Balanced           ; Balanced           ;
; Carry Chain Length                                                              ; 70                 ; 70                 ;
; Auto Carry Chains                                                               ; On                 ; On                 ;
; Auto Open-Drain Pins                                                            ; On                 ; On                 ;
; Perform WYSIWYG Primitive Resynthesis                                           ; Off                ; Off                ;
; Auto ROM Replacement                                                            ; On                 ; On                 ;
; Auto RAM Replacement                                                            ; On                 ; On                 ;
; Auto DSP Block Replacement                                                      ; On                 ; On                 ;
; Auto Shift Register Replacement                                                 ; Auto               ; Auto               ;
; Allow Shift Register Merging across Hierarchies                                 ; Auto               ; Auto               ;
; Auto Clock Enable Replacement                                                   ; On                 ; On                 ;
; Strict RAM Replacement                                                          ; Off                ; Off                ;
; Allow Synchronous Control Signals                                               ; On                 ; On                 ;
; Force Use of Synchronous Clear Signals                                          ; Off                ; Off                ;
; Auto Resource Sharing                                                           ; Off                ; Off                ;
; Allow Any RAM Size For Recognition                                              ; Off                ; Off                ;
; Allow Any ROM Size For Recognition                                              ; Off                ; Off                ;
; Allow Any Shift Register Size For Recognition                                   ; Off                ; Off                ;
; Use LogicLock Constraints during Resource Balancing                             ; On                 ; On                 ;
; Ignore translate_off and synthesis_off directives                               ; Off                ; Off                ;
; Timing-Driven Synthesis                                                         ; On                 ; On                 ;
; Report Parameter Settings                                                       ; On                 ; On                 ;
; Report Source Assignments                                                       ; On                 ; On                 ;
; Report Connectivity Checks                                                      ; On                 ; On                 ;
; Ignore Maximum Fan-Out Assignments                                              ; Off                ; Off                ;
; Synchronization Register Chain Length                                           ; 3                  ; 3                  ;
; Power Optimization During Synthesis                                             ; Normal compilation ; Normal compilation ;
; HDL message level                                                               ; Level2             ; Level2             ;
; Suppress Register Optimization Related Messages                                 ; Off                ; Off                ;
; Number of Removed Registers Reported in Synthesis Report                        ; 5000               ; 5000               ;
; Number of Swept Nodes Reported in Synthesis Report                              ; 5000               ; 5000               ;
; Number of Inverted Registers Reported in Synthesis Report                       ; 100                ; 100                ;
; Clock MUX Protection                                                            ; On                 ; On                 ;
; Auto Gated Clock Conversion                                                     ; Off                ; Off                ;
; Block Design Naming                                                             ; Auto               ; Auto               ;
; SDC constraint protection                                                       ; Off                ; Off                ;
; Synthesis Effort                                                                ; Auto               ; Auto               ;
; Shift Register Replacement - Allow Asynchronous Clear Signal                    ; On                 ; On                 ;
; Pre-Mapping Resynthesis Optimization                                            ; Off                ; Off                ;
; Analysis & Synthesis Message Level                                              ; Medium             ; Medium             ;
; Disable Register Merging Across Hierarchies                                     ; Auto               ; Auto               ;
; Resource Aware Inference For Block RAM                                          ; On                 ; On                 ;
; Automatic Parallel Synthesis                                                    ; On                 ; On                 ;
; Partial Reconfiguration Bitstream ID                                            ; Off                ; Off                ;
+---------------------------------------------------------------------------------+--------------------+--------------------+


+------------------------------------------+
; Parallel Compilation                     ;
+----------------------------+-------------+
; Processors                 ; Number      ;
+----------------------------+-------------+
; Number detected on machine ; 16          ;
; Maximum allowed            ; 8           ;
;                            ;             ;
; Average used               ; 1.00        ;
; Maximum used               ; 1           ;
;                            ;             ;
; Usage by Processor         ; % Time Used ;
;     Processor 1            ; 100.0%      ;
+----------------------------+-------------+


+--------------------------------------------------------------------------------------------------------------------------------+
; Analysis & Synthesis Source Files Read                                                                                         ;
+----------------------------------+-----------------+------------------------+----------------------------------------+---------+
; File Name with User-Entered Path ; Used in Netlist ; File Type              ; File Name with Absolute Path           ; Library ;
+----------------------------------+-----------------+------------------------+----------------------------------------+---------+
; finalProject.v                   ; yes             ; User Verilog HDL File  ; D:/quartus/finalProject/finalProject.v ;         ;
; processor.v                      ; yes             ; User Verilog HDL File  ; D:/quartus/finalProject/processor.v    ;         ;
; datapath.v                       ; yes             ; User Verilog HDL File  ; D:/quartus/finalProject/datapath.v     ;         ;
+----------------------------------+-----------------+------------------------+----------------------------------------+---------+


+-----------------------------------------------------+
; Analysis & Synthesis Resource Usage Summary         ;
+---------------------------------------------+-------+
; Resource                                    ; Usage ;
+---------------------------------------------+-------+
; Estimate of Logic utilization (ALMs needed) ; 0     ;
;                                             ;       ;
; Combinational ALUT usage for logic          ; 0     ;
;     -- 7 input functions                    ; 0     ;
;     -- 6 input functions                    ; 0     ;
;     -- 5 input functions                    ; 0     ;
;     -- 4 input functions                    ; 0     ;
;     -- <=3 input functions                  ; 0     ;
;                                             ;       ;
; Dedicated logic registers                   ; 0     ;
;                                             ;       ;
; I/O pins                                    ; 32    ;
;                                             ;       ;
; Total DSP Blocks                            ; 0     ;
;                                             ;       ;
; Maximum fan-out node                        ; clk   ;
; Maximum fan-out                             ; 1     ;
; Total fan-out                               ; 32    ;
; Average fan-out                             ; 0.50  ;
+---------------------------------------------+-------+


+-----------------------------------------------------------------------------------------------------------------------------------------------------------------------------------------+
; Analysis & Synthesis Resource Utilization by Entity                                                                                                                                     ;
+----------------------------+---------------------+---------------------------+-------------------+------------+------+--------------+---------------------+--------------+--------------+
; Compilation Hierarchy Node ; Combinational ALUTs ; Dedicated Logic Registers ; Block Memory Bits ; DSP Blocks ; Pins ; Virtual Pins ; Full Hierarchy Name ; Entity Name  ; Library Name ;
+----------------------------+---------------------+---------------------------+-------------------+------------+------+--------------+---------------------+--------------+--------------+
; |finalProject              ; 0 (0)               ; 0 (0)                     ; 0                 ; 0          ; 32   ; 0            ; |finalProject       ; finalProject ; work         ;
+----------------------------+---------------------+---------------------------+-------------------+------------+------+--------------+---------------------+--------------+--------------+
Note: For table entries with two numbers listed, the numbers in parentheses indicate the number of resources of the given type used by the specific entity alone. The numbers listed outside of parentheses indicate the total resources of the given type used by the specific entity and all of its sub-entities in the hierarchy.


+------------------------------------------------------+
; General Register Statistics                          ;
+----------------------------------------------+-------+
; Statistic                                    ; Value ;
+----------------------------------------------+-------+
; Total registers                              ; 0     ;
; Number of registers using Synchronous Clear  ; 0     ;
; Number of registers using Synchronous Load   ; 0     ;
; Number of registers using Asynchronous Clear ; 0     ;
; Number of registers using Asynchronous Load  ; 0     ;
; Number of registers using Clock Enable       ; 0     ;
; Number of registers using Preset             ; 0     ;
+----------------------------------------------+-------+


+----------------------------------------------------------------------------------------------------------------------------------------------------+
; Port Connectivity Checks: "processor:proc|datapath:DP"                                                                                             ;
+------+--------+----------+-------------------------------------------------------------------------------------------------------------------------+
; Port ; Type   ; Severity ; Details                                                                                                                 ;
+------+--------+----------+-------------------------------------------------------------------------------------------------------------------------+
; r0   ; Output ; Info     ; Connected to dangling logic. Logic that only feeds a dangling port will be removed.                                     ;
; r3   ; Output ; Warning  ; Output or bidir port (16 bits) is wider than the port expression (1 bits) it drives; bit(s) "r3[15..1]" have no fanouts ;
; r4   ; Output ; Warning  ; Declared by entity but not connected by instance. Logic that only feeds a dangling port will be removed.                ;
; r5   ; Output ; Warning  ; Declared by entity but not connected by instance. Logic that only feeds a dangling port will be removed.                ;
; r6   ; Output ; Warning  ; Declared by entity but not connected by instance. Logic that only feeds a dangling port will be removed.                ;
; r7   ; Output ; Warning  ; Declared by entity but not connected by instance. Logic that only feeds a dangling port will be removed.                ;
; r8   ; Output ; Warning  ; Declared by entity but not connected by instance. Logic that only feeds a dangling port will be removed.                ;
; r9   ; Output ; Warning  ; Declared by entity but not connected by instance. Logic that only feeds a dangling port will be removed.                ;
; r10  ; Output ; Warning  ; Declared by entity but not connected by instance. Logic that only feeds a dangling port will be removed.                ;
; r11  ; Output ; Warning  ; Declared by entity but not connected by instance. Logic that only feeds a dangling port will be removed.                ;
; r12  ; Output ; Warning  ; Declared by entity but not connected by instance. Logic that only feeds a dangling port will be removed.                ;
; r13  ; Output ; Warning  ; Declared by entity but not connected by instance. Logic that only feeds a dangling port will be removed.                ;
; r14  ; Output ; Warning  ; Declared by entity but not connected by instance. Logic that only feeds a dangling port will be removed.                ;
; r15  ; Output ; Warning  ; Declared by entity but not connected by instance. Logic that only feeds a dangling port will be removed.                ;
+------+--------+----------+-------------------------------------------------------------------------------------------------------------------------+


+---------------------------------------------------------------------------------------------------------------------+
; Port Connectivity Checks: "processor:proc"                                                                          ;
+-----------+--------+----------+-------------------------------------------------------------------------------------+
; Port      ; Type   ; Severity ; Details                                                                             ;
+-----------+--------+----------+-------------------------------------------------------------------------------------+
; data      ; Output ; Info     ; Connected to dangling logic. Logic that only feeds a dangling port will be removed. ;
; addr      ; Output ; Info     ; Connected to dangling logic. Logic that only feeds a dangling port will be removed. ;
; io_enable ; Output ; Info     ; Connected to dangling logic. Logic that only feeds a dangling port will be removed. ;
+-----------+--------+----------+-------------------------------------------------------------------------------------+


+-----------------------------------------------------+
; Post-Synthesis Netlist Statistics for Top Partition ;
+-----------------------+-----------------------------+
; Type                  ; Count                       ;
+-----------------------+-----------------------------+
; arriav_lcell_comb     ; 1                           ;
;     normal            ; 1                           ;
;         0 data inputs ; 1                           ;
; boundary_port         ; 32                          ;
;                       ;                             ;
; Max LUT depth         ; 0.00                        ;
; Average LUT depth     ; 0.00                        ;
+-----------------------+-----------------------------+


+-------------------------------+
; Elapsed Time Per Partition    ;
+----------------+--------------+
; Partition Name ; Elapsed Time ;
+----------------+--------------+
; Top            ; 00:00:00     ;
+----------------+--------------+


+-------------------------------+
; Analysis & Synthesis Messages ;
+-------------------------------+
Info: *******************************************************************
Info: Running Quartus Prime Analysis & Synthesis
    Info: Version 18.0.0 Build 614 04/24/2018 SJ Lite Edition
    Info: Processing started: Fri Oct 28 01:58:11 2022
Info: Command: quartus_map --read_settings_files=on --write_settings_files=off finalProject -c finalProject
Warning (18236): Number of processors has not been specified which may cause overloading on shared machines.  Set the global assignment NUM_PARALLEL_PROCESSORS in your QSF to an appropriate value for best performance.
Info (20030): Parallel compilation is enabled and will use 8 of the 8 processors detected
Info (12021): Found 1 design units, including 1 entities, in source file finalproject.v
    Info (12023): Found entity 1: finalProject File: D:/quartus/finalProject/finalProject.v Line: 10
Info (12021): Found 1 design units, including 1 entities, in source file tb_finalproject.v
    Info (12023): Found entity 1: tb_finalProject File: D:/quartus/finalProject/tb_finalProject.v Line: 5
Info (12021): Found 1 design units, including 1 entities, in source file memory.v
    Info (12023): Found entity 1: memory File: D:/quartus/finalProject/memory.v Line: 3
Info (12021): Found 1 design units, including 1 entities, in source file tb_memory.v
    Info (12023): Found entity 1: tb_memory File: D:/quartus/finalProject/tb_memory.v Line: 5
Info (12021): Found 1 design units, including 1 entities, in source file alu.v
    Info (12023): Found entity 1: alu File: D:/quartus/finalProject/alu.v Line: 4
Info (12021): Found 1 design units, including 1 entities, in source file tb_alu.v
    Info (12023): Found entity 1: tb_alu File: D:/quartus/finalProject/tb_alu.v Line: 4
Info (12021): Found 1 design units, including 1 entities, in source file io_interface.v
    Info (12023): Found entity 1: io_interface File: D:/quartus/finalProject/io_interface.v Line: 4
Info (12021): Found 1 design units, including 1 entities, in source file tb_io_interface.v
    Info (12023): Found entity 1: tb_io_interface File: D:/quartus/finalProject/tb_io_interface.v Line: 5
Warning (12090): Entity "mux" obtained from "mux.v" instead of from Quartus Prime megafunction library File: D:/quartus/finalProject/mux.v Line: 3
Info (12021): Found 1 design units, including 1 entities, in source file mux.v
    Info (12023): Found entity 1: mux File: D:/quartus/finalProject/mux.v Line: 3
Info (12021): Found 1 design units, including 1 entities, in source file io_vga.v
    Info (12023): Found entity 1: io_vga File: D:/quartus/finalProject/io_vga.v Line: 5
Info (12021): Found 1 design units, including 1 entities, in source file regfile.v
    Info (12023): Found entity 1: regfile File: D:/quartus/finalProject/regfile.v Line: 4
Info (12021): Found 1 design units, including 1 entities, in source file tb_regfile.v
    Info (12023): Found entity 1: tb_regfile File: D:/quartus/finalProject/tb_regfile.v Line: 5
Info (12021): Found 1 design units, including 1 entities, in source file processor.v
    Info (12023): Found entity 1: processor File: D:/quartus/finalProject/processor.v Line: 7
Info (12021): Found 1 design units, including 1 entities, in source file tb_processor.v
    Info (12023): Found entity 1: tb_processor File: D:/quartus/finalProject/tb_processor.v Line: 5
Info (12021): Found 1 design units, including 1 entities, in source file datapath.v
    Info (12023): Found entity 1: datapath File: D:/quartus/finalProject/datapath.v Line: 4
Info (12021): Found 1 design units, including 1 entities, in source file tb_datapath.v
    Info (12023): Found entity 1: tb_datapath File: D:/quartus/finalProject/tb_datapath.v Line: 6
Info (12127): Elaborating entity "finalProject" for the top level hierarchy
Warning (10034): Output port "vga_r" at finalProject.v(16) has no driver File: D:/quartus/finalProject/finalProject.v Line: 16
Warning (10034): Output port "vga_g" at finalProject.v(16) has no driver File: D:/quartus/finalProject/finalProject.v Line: 16
Warning (10034): Output port "vga_b" at finalProject.v(16) has no driver File: D:/quartus/finalProject/finalProject.v Line: 16
Warning (10034): Output port "vga_clk" at finalProject.v(18) has no driver File: D:/quartus/finalProject/finalProject.v Line: 18
Warning (10034): Output port "vga_blank" at finalProject.v(18) has no driver File: D:/quartus/finalProject/finalProject.v Line: 18
Warning (10034): Output port "hsync" at finalProject.v(18) has no driver File: D:/quartus/finalProject/finalProject.v Line: 18
Warning (10034): Output port "vsync" at finalProject.v(19) has no driver File: D:/quartus/finalProject/finalProject.v Line: 19
Info (12128): Elaborating entity "processor" for hierarchy "processor:proc" File: D:/quartus/finalProject/finalProject.v Line: 28
Info (12128): Elaborating entity "datapath" for hierarchy "processor:proc|datapath:DP" File: D:/quartus/finalProject/processor.v Line: 24
Warning (10034): Output port "r0" at datapath.v(8) has no driver File: D:/quartus/finalProject/datapath.v Line: 8
Warning (10034): Output port "r1" at datapath.v(8) has no driver File: D:/quartus/finalProject/datapath.v Line: 8
Warning (10034): Output port "r2" at datapath.v(8) has no driver File: D:/quartus/finalProject/datapath.v Line: 8
Warning (10034): Output port "r3" at datapath.v(8) has no driver File: D:/quartus/finalProject/datapath.v Line: 8
Warning (10034): Output port "r4" at datapath.v(8) has no driver File: D:/quartus/finalProject/datapath.v Line: 8
Warning (10034): Output port "r5" at datapath.v(8) has no driver File: D:/quartus/finalProject/datapath.v Line: 8
Warning (10034): Output port "r6" at datapath.v(8) has no driver File: D:/quartus/finalProject/datapath.v Line: 8
Warning (10034): Output port "r7" at datapath.v(8) has no driver File: D:/quartus/finalProject/datapath.v Line: 8
Warning (10034): Output port "r8" at datapath.v(8) has no driver File: D:/quartus/finalProject/datapath.v Line: 8
Warning (10034): Output port "r9" at datapath.v(8) has no driver File: D:/quartus/finalProject/datapath.v Line: 8
Warning (10034): Output port "r10" at datapath.v(8) has no driver File: D:/quartus/finalProject/datapath.v Line: 8
Warning (10034): Output port "r11" at datapath.v(8) has no driver File: D:/quartus/finalProject/datapath.v Line: 8
Warning (10034): Output port "r12" at datapath.v(8) has no driver File: D:/quartus/finalProject/datapath.v Line: 8
Warning (10034): Output port "r13" at datapath.v(8) has no driver File: D:/quartus/finalProject/datapath.v Line: 8
Warning (10034): Output port "r14" at datapath.v(8) has no driver File: D:/quartus/finalProject/datapath.v Line: 8
Warning (10034): Output port "r15" at datapath.v(8) has no driver File: D:/quartus/finalProject/datapath.v Line: 8
Warning (12241): 1 hierarchies have connectivity warnings - see the Connectivity Checks report folder
Warning (13024): Output pins are stuck at VCC or GND
    Warning (13410): Pin "vga_r[0]" is stuck at GND File: D:/quartus/finalProject/finalProject.v Line: 16
    Warning (13410): Pin "vga_r[1]" is stuck at GND File: D:/quartus/finalProject/finalProject.v Line: 16
    Warning (13410): Pin "vga_r[2]" is stuck at GND File: D:/quartus/finalProject/finalProject.v Line: 16
    Warning (13410): Pin "vga_r[3]" is stuck at GND File: D:/quartus/finalProject/finalProject.v Line: 16
    Warning (13410): Pin "vga_r[4]" is stuck at GND File: D:/quartus/finalProject/finalProject.v Line: 16
    Warning (13410): Pin "vga_r[5]" is stuck at GND File: D:/quartus/finalProject/finalProject.v Line: 16
    Warning (13410): Pin "vga_r[6]" is stuck at GND File: D:/quartus/finalProject/finalProject.v Line: 16
    Warning (13410): Pin "vga_r[7]" is stuck at GND File: D:/quartus/finalProject/finalProject.v Line: 16
    Warning (13410): Pin "vga_g[0]" is stuck at GND File: D:/quartus/finalProject/finalProject.v Line: 16
    Warning (13410): Pin "vga_g[1]" is stuck at GND File: D:/quartus/finalProject/finalProject.v Line: 16
    Warning (13410): Pin "vga_g[2]" is stuck at GND File: D:/quartus/finalProject/finalProject.v Line: 16
    Warning (13410): Pin "vga_g[3]" is stuck at GND File: D:/quartus/finalProject/finalProject.v Line: 16
    Warning (13410): Pin "vga_g[4]" is stuck at GND File: D:/quartus/finalProject/finalProject.v Line: 16
    Warning (13410): Pin "vga_g[5]" is stuck at GND File: D:/quartus/finalProject/finalProject.v Line: 16
    Warning (13410): Pin "vga_g[6]" is stuck at GND File: D:/quartus/finalProject/finalProject.v Line: 16
    Warning (13410): Pin "vga_g[7]" is stuck at GND File: D:/quartus/finalProject/finalProject.v Line: 16
    Warning (13410): Pin "vga_b[0]" is stuck at GND File: D:/quartus/finalProject/finalProject.v Line: 16
    Warning (13410): Pin "vga_b[1]" is stuck at GND File: D:/quartus/finalProject/finalProject.v Line: 16
    Warning (13410): Pin "vga_b[2]" is stuck at GND File: D:/quartus/finalProject/finalProject.v Line: 16
    Warning (13410): Pin "vga_b[3]" is stuck at GND File: D:/quartus/finalProject/finalProject.v Line: 16
    Warning (13410): Pin "vga_b[4]" is stuck at GND File: D:/quartus/finalProject/finalProject.v Line: 16
    Warning (13410): Pin "vga_b[5]" is stuck at GND File: D:/quartus/finalProject/finalProject.v Line: 16
    Warning (13410): Pin "vga_b[6]" is stuck at GND File: D:/quartus/finalProject/finalProject.v Line: 16
    Warning (13410): Pin "vga_b[7]" is stuck at GND File: D:/quartus/finalProject/finalProject.v Line: 16
    Warning (13410): Pin "vga_clk" is stuck at GND File: D:/quartus/finalProject/finalProject.v Line: 18
    Warning (13410): Pin "vga_blank" is stuck at GND File: D:/quartus/finalProject/finalProject.v Line: 18
    Warning (13410): Pin "hsync" is stuck at GND File: D:/quartus/finalProject/finalProject.v Line: 18
    Warning (13410): Pin "vsync" is stuck at GND File: D:/quartus/finalProject/finalProject.v Line: 19
Info (16010): Generating hard_block partition "hard_block:auto_generated_inst"
    Info (16011): Adding 0 node(s), including 0 DDIO, 0 PLL, 0 transceiver and 0 LCELL
Warning (21074): Design contains 4 input pin(s) that do not drive logic
    Warning (15610): No output dependent on input pin "clk" File: D:/quartus/finalProject/finalProject.v Line: 14
    Warning (15610): No output dependent on input pin "rst" File: D:/quartus/finalProject/finalProject.v Line: 14
    Warning (15610): No output dependent on input pin "data" File: D:/quartus/finalProject/finalProject.v Line: 14
    Warning (15610): No output dependent on input pin "data_clk" File: D:/quartus/finalProject/finalProject.v Line: 14
Info (21057): Implemented 32 device resources after synthesis - the final resource count might be different
    Info (21058): Implemented 4 input pins
    Info (21059): Implemented 28 output pins
Info: Quartus Prime Analysis & Synthesis was successful. 0 errors, 60 warnings
    Info: Peak virtual memory: 4795 megabytes
    Info: Processing ended: Fri Oct 28 01:58:18 2022
    Info: Elapsed time: 00:00:07
    Info: Total CPU time (on all processors): 00:00:14


